Start testing: Feb 11 17:47 MST
----------------------------------------------------------
1/2 Testing: test_ltetrigger
1/2 Test: test_ltetrigger
Command: "/bin/sh" "/home/dja/dev/ltetrigger/gr-ltetrigger/build/lib/test_ltetrigger_test.sh"
Directory: /home/dja/dev/ltetrigger/gr-ltetrigger/build/lib
"test_ltetrigger" start time: Feb 11 17:47 MST
Output:
----------------------------------------------------------


<end of output>
Test time =   0.00 sec
----------------------------------------------------------
Test Passed.
"test_ltetrigger" end time: Feb 11 17:47 MST
"test_ltetrigger" time elapsed: 00:00:00
----------------------------------------------------------

2/2 Testing: qa_ltetrigger
2/2 Test: qa_ltetrigger
Command: "/bin/sh" "/home/dja/dev/ltetrigger/gr-ltetrigger/build/python/qa_ltetrigger_test.sh"
Directory: /home/dja/dev/ltetrigger/gr-ltetrigger/build/python
"qa_ltetrigger" start time: Feb 11 17:47 MST
Output:
----------------------------------------------------------
.
----------------------------------------------------------------------
Ran 1 test in 0.268s

OK
<end of output>
Test time =   0.75 sec
----------------------------------------------------------
Test Passed.
"qa_ltetrigger" end time: Feb 11 17:47 MST
"qa_ltetrigger" time elapsed: 00:00:00
----------------------------------------------------------

End testing: Feb 11 17:47 MST
